<testsuite name="Mocha Tests" tests="1" failures="0" errors="0" skipped="0" timestamp="Mon, 04 May 2015 07:37:03 GMT" time="0.035">
<testcase classname="Express Test" name="should pass first test" time="0.008"/>
</testsuite>
